<?xml version="1.0" encoding="UTF-8"?>
<testsuite xmlns:xsi="http://www.w3.org/2001/XMLSchema-instance" xsi:noNamespaceSchemaLocation="https://maven.apache.org/surefire/maven-surefire-plugin/xsd/surefire-test-report-3.0.xsd" version="3.0" name="runners.RunnerAll" time="0.692" tests="1" errors="1" skipped="0" failures="0">
  <properties>
[...]
</properties>
  <testcase name="testParallel" classname="runners.RunnerAll" time="0.674">
    <error type="java.lang.RuntimeException"><![CDATA[java.lang.RuntimeException: not found: features/ConsultaPersonajes.feature
	at runners.RunnerAll.testParallel(RunnerAll.java:23)
]]></error>
    <system-out><![CDATA[17:34:27.292 [main] INFO com.intuit.karate.Runner -- using system property 'karate.env': dev
]]></system-out>
  </testcase>
</testsuite>